[0319/022142.808:ERROR:process_memory_win.cc(73)] ReadMemory at 0x17137709f70 of 72 bytes failed: Запрос ReadProcessMemory или WriteProcessMemory был выполнен только частично. (0x12B)
[0319/022142.813:WARNING:pe_image_annotations_reader.cc(134)] could not read annotations list object in C:\Program Files (x86)\Google\Chrome\Application\80.0.3987.149\chrome_elf.dll
[0319/022142.813:ERROR:process_memory_win.cc(73)] ReadMemory at 0x17137b45c30 of 72 bytes failed: Запрос ReadProcessMemory или WriteProcessMemory был выполнен только частично. (0x12B)
[0319/022142.813:WARNING:pe_image_annotations_reader.cc(134)] could not read annotations list object in C:\Program Files (x86)\Google\Chrome\Application\80.0.3987.149\chrome.dll
[0319/022142.813:ERROR:process_memory_win.cc(73)] ReadMemory at 0x17137d00000 of 64 bytes failed: Запрос ReadProcessMemory или WriteProcessMemory был выполнен только частично. (0x12B)
[0319/022142.814:WARNING:pe_image_reader.cc(340)] could not read dos header from C:\WINDOWS\System32\combase.dll
[0319/022142.814:ERROR:process_memory_win.cc(73)] ReadMemory at 0x17137709f70 of 72 bytes failed: Запрос ReadProcessMemory или WriteProcessMemory был выполнен только частично. (0x12B)
[0319/022142.814:WARNING:pe_image_annotations_reader.cc(134)] could not read annotations list object in C:\Program Files (x86)\Google\Chrome\Application\80.0.3987.149\chrome_elf.dll
[0319/022142.815:ERROR:process_memory_win.cc(73)] ReadMemory at 0x17137b45c30 of 72 bytes failed: Запрос ReadProcessMemory или WriteProcessMemory был выполнен только частично. (0x12B)
[0319/022142.815:WARNING:pe_image_annotations_reader.cc(134)] could not read annotations list object in C:\Program Files (x86)\Google\Chrome\Application\80.0.3987.149\chrome.dll
[0319/022142.815:ERROR:process_memory_win.cc(73)] ReadMemory at 0x17137d00000 of 64 bytes failed: Запрос ReadProcessMemory или WriteProcessMemory был выполнен только частично. (0x12B)
[0319/022142.815:WARNING:pe_image_reader.cc(340)] could not read dos header from C:\WINDOWS\System32\combase.dll
[0319/022142.827:ERROR:process_memory_win.cc(73)] ReadMemory at 0x17d77ef000 of 69632 bytes failed: Запрос ReadProcessMemory или WriteProcessMemory был выполнен только частично. (0x12B)
[0319/022142.827:ERROR:process_memory_win.cc(73)] ReadMemory at 0x17d7ffd000 of 12288 bytes failed: Запрос ReadProcessMemory или WriteProcessMemory был выполнен только частично. (0x12B)
[0319/022142.827:ERROR:process_memory_win.cc(73)] ReadMemory at 0x17d8ffc000 of 16384 bytes failed: Запрос ReadProcessMemory или WriteProcessMemory был выполнен только частично. (0x12B)
[0319/022142.827:ERROR:process_memory_win.cc(73)] ReadMemory at 0x17d97fc000 of 16384 bytes failed: Запрос ReadProcessMemory или WriteProcessMemory был выполнен только частично. (0x12B)
[0319/022142.827:ERROR:process_memory_win.cc(73)] ReadMemory at 0x17d9ffe000 of 8192 bytes failed: Запрос ReadProcessMemory или WriteProcessMemory был выполнен только частично. (0x12B)
[0319/022142.828:ERROR:process_memory_win.cc(73)] ReadMemory at 0x17da7fd000 of 12288 bytes failed: Запрос ReadProcessMemory или WriteProcessMemory был выполнен только частично. (0x12B)
[0319/022142.828:ERROR:process_memory_win.cc(73)] ReadMemory at 0x17daffb000 of 20480 bytes failed: Запрос ReadProcessMemory или WriteProcessMemory был выполнен только частично. (0x12B)
[0319/022142.828:ERROR:process_memory_win.cc(73)] ReadMemory at 0x17db7fd000 of 12288 bytes failed: Запрос ReadProcessMemory или WriteProcessMemory был выполнен только частично. (0x12B)
[0319/022142.828:ERROR:process_memory_win.cc(73)] ReadMemory at 0x17dbff6000 of 40960 bytes failed: Запрос ReadProcessMemory или WriteProcessMemory был выполнен только частично. (0x12B)
[0319/022142.828:ERROR:process_memory_win.cc(73)] ReadMemory at 0x17dc7f5000 of 45056 bytes failed: Запрос ReadProcessMemory или WriteProcessMemory был выполнен только частично. (0x12B)
[0319/022142.828:ERROR:process_memory_win.cc(73)] ReadMemory at 0x17dcffd000 of 12288 bytes failed: Запрос ReadProcessMemory или WriteProcessMemory был выполнен только частично. (0x12B)
[0319/022142.828:ERROR:process_memory_win.cc(73)] ReadMemory at 0x17ddffe000 of 8192 bytes failed: Запрос ReadProcessMemory или WriteProcessMemory был выполнен только частично. (0x12B)
[0319/022142.828:ERROR:process_memory_win.cc(73)] ReadMemory at 0x17de7fd000 of 12288 bytes failed: Запрос ReadProcessMemory или WriteProcessMemory был выполнен только частично. (0x12B)
[0319/022142.828:ERROR:process_memory_win.cc(73)] ReadMemory at 0x17df7fe000 of 8192 bytes failed: Запрос ReadProcessMemory или WriteProcessMemory был выполнен только частично. (0x12B)
[0319/022142.828:ERROR:process_memory_win.cc(73)] ReadMemory at 0x17d87fd000 of 12288 bytes failed: Запрос ReadProcessMemory или WriteProcessMemory был выполнен только частично. (0x12B)
[0319/022142.829:ERROR:process_memory_win.cc(73)] ReadMemory at 0x17d6f75000 of 852 bytes failed: Запрос ReadProcessMemory или WriteProcessMemory был выполнен только частично. (0x12B)
[0319/022142.829:ERROR:process_memory_win.cc(73)] ReadMemory at 0x17d6f76000 of 6024 bytes failed: Запрос ReadProcessMemory или WriteProcessMemory был выполнен только частично. (0x12B)
[0319/022142.829:ERROR:process_memory_win.cc(73)] ReadMemory at 0x17d6f78000 of 6024 bytes failed: Запрос ReadProcessMemory или WriteProcessMemory был выполнен только частично. (0x12B)
[0319/022142.829:ERROR:process_memory_win.cc(73)] ReadMemory at 0x17d6f7c000 of 6024 bytes failed: Запрос ReadProcessMemory или WriteProcessMemory был выполнен только частично. (0x12B)
[0319/022142.829:ERROR:process_memory_win.cc(73)] ReadMemory at 0x17d6f7e000 of 6024 bytes failed: Запрос ReadProcessMemory или WriteProcessMemory был выполнен только частично. (0x12B)
[0319/022142.829:ERROR:process_memory_win.cc(73)] ReadMemory at 0x17d6f80000 of 6024 bytes failed: Запрос ReadProcessMemory или WriteProcessMemory был выполнен только частично. (0x12B)
[0319/022142.829:ERROR:process_memory_win.cc(73)] ReadMemory at 0x17d6f82000 of 6024 bytes failed: Запрос ReadProcessMemory или WriteProcessMemory был выполнен только частично. (0x12B)
[0319/022142.829:ERROR:process_memory_win.cc(73)] ReadMemory at 0x17d6f84000 of 6024 bytes failed: Запрос ReadProcessMemory или WriteProcessMemory был выполнен только частично. (0x12B)
[0319/022142.829:ERROR:process_memory_win.cc(73)] ReadMemory at 0x17d6f86000 of 6024 bytes failed: Запрос ReadProcessMemory или WriteProcessMemory был выполнен только частично. (0x12B)
[0319/022142.829:ERROR:process_memory_win.cc(73)] ReadMemory at 0x17d6f88000 of 6024 bytes failed: Запрос ReadProcessMemory или WriteProcessMemory был выполнен только частично. (0x12B)
[0319/022142.829:ERROR:process_memory_win.cc(73)] ReadMemory at 0x17d6f8a000 of 6024 bytes failed: Запрос ReadProcessMemory или WriteProcessMemory был выполнен только частично. (0x12B)
[0319/022142.830:ERROR:process_memory_win.cc(73)] ReadMemory at 0x17d6f8c000 of 6024 bytes failed: Запрос ReadProcessMemory или WriteProcessMemory был выполнен только частично. (0x12B)
[0319/022142.830:ERROR:process_memory_win.cc(73)] ReadMemory at 0x17d6f90000 of 6024 bytes failed: Запрос ReadProcessMemory или WriteProcessMemory был выполнен только частично. (0x12B)
[0319/022142.830:ERROR:process_memory_win.cc(73)] ReadMemory at 0x17d6f92000 of 6024 bytes failed: Запрос ReadProcessMemory или WriteProcessMemory был выполнен только частично. (0x12B)
[0319/022142.830:ERROR:process_memory_win.cc(73)] ReadMemory at 0x17d6f96000 of 6024 bytes failed: Запрос ReadProcessMemory или WriteProcessMemory был выполнен только частично. (0x12B)
[0319/022142.830:ERROR:process_memory_win.cc(73)] ReadMemory at 0x17d6f98000 of 6024 bytes failed: Запрос ReadProcessMemory или WriteProcessMemory был выполнен только частично. (0x12B)
[0319/022142.830:ERROR:process_memory_win.cc(73)] ReadMemory at 0x17137370ad0 of 512 bytes failed: Запрос ReadProcessMemory или WriteProcessMemory был выполнен только частично. (0x12B)
[0319/022142.830:ERROR:process_memory_win.cc(73)] ReadMemory at 0x17137370fe0 of 9732 bytes failed: Запрос ReadProcessMemory или WriteProcessMemory был выполнен только частично. (0x12B)
[0319/022142.830:ERROR:process_memory_win.cc(73)] ReadMemory at 0x171373735f0 of 1012 bytes failed: Запрос ReadProcessMemory или WriteProcessMemory был выполнен только частично. (0x12B)
[0319/022142.830:ERROR:process_memory_win.cc(73)] ReadMemory at 0x17137373c38 of 118 bytes failed: Запрос ReadProcessMemory или WriteProcessMemory был выполнен только частично. (0x12B)
[0319/022142.830:ERROR:process_memory_win.cc(73)] ReadMemory at 0x17137373cb0 of 1118 bytes failed: Запрос ReadProcessMemory или WriteProcessMemory был выполнен только частично. (0x12B)
[0319/022142.830:ERROR:process_memory_win.cc(73)] ReadMemory at 0x17137374110 of 118 bytes failed: Запрос ReadProcessMemory или WriteProcessMemory был выполнен только частично. (0x12B)
[0319/022142.830:ERROR:process_memory_win.cc(73)] ReadMemory at 0x17137374188 of 100 bytes failed: Запрос ReadProcessMemory или WriteProcessMemory был выполнен только частично. (0x12B)
[0319/022142.830:ERROR:process_memory_win.cc(73)] ReadMemory at 0x17137374200 of 58 bytes failed: Запрос ReadProcessMemory или WriteProcessMemory был выполнен только частично. (0x12B)
[0319/022142.831:ERROR:process_memory_win.cc(73)] ReadMemory at 0x17137374300 of 132 bytes failed: Запрос ReadProcessMemory или WriteProcessMemory был выполнен только частично. (0x12B)
[0319/022142.831:ERROR:process_memory_win.cc(73)] ReadMemory at 0x17137374490 of 132 bytes failed: Запрос ReadProcessMemory или WriteProcessMemory был выполнен только частично. (0x12B)
[0319/022142.831:ERROR:process_memory_win.cc(73)] ReadMemory at 0x17137374650 of 126 bytes failed: Запрос ReadProcessMemory или WriteProcessMemory был выполнен только частично. (0x12B)
[0319/022142.831:ERROR:process_memory_win.cc(73)] ReadMemory at 0x17137374940 of 132 bytes failed: Запрос ReadProcessMemory или WriteProcessMemory был выполнен только частично. (0x12B)
[0319/022142.831:ERROR:process_memory_win.cc(73)] ReadMemory at 0x17137374e30 of 62 bytes failed: Запрос ReadProcessMemory или WriteProcessMemory был выполнен только частично. (0x12B)
[0319/022142.831:ERROR:process_memory_win.cc(73)] ReadMemory at 0x17137374ec0 of 132 bytes failed: Запрос ReadProcessMemory или WriteProcessMemory был выполнен только частично. (0x12B)
[0319/022142.831:ERROR:process_memory_win.cc(73)] ReadMemory at 0x17137375050 of 64 bytes failed: Запрос ReadProcessMemory или WriteProcessMemory был выполнен только частично. (0x12B)
[0319/022142.831:ERROR:process_memory_win.cc(73)] ReadMemory at 0x17137375110 of 132 bytes failed: Запрос ReadProcessMemory или WriteProcessMemory был выполнен только частично. (0x12B)
[0319/022142.831:ERROR:process_memory_win.cc(73)] ReadMemory at 0x17137375240 of 132 bytes failed: Запрос ReadProcessMemory или WriteProcessMemory был выполнен только частично. (0x12B)
[0319/022142.831:ERROR:process_memory_win.cc(73)] ReadMemory at 0x171373754b0 of 132 bytes failed: Запрос ReadProcessMemory или WriteProcessMemory был выполнен только частично. (0x12B)
[0319/022142.831:ERROR:process_memory_win.cc(73)] ReadMemory at 0x17137375640 of 68 bytes failed: Запрос ReadProcessMemory или WriteProcessMemory был выполнен только частично. (0x12B)
[0319/022142.831:ERROR:process_memory_win.cc(73)] ReadMemory at 0x1713737c900 of 132 bytes failed: Запрос ReadProcessMemory или WriteProcessMemory был выполнен только частично. (0x12B)
[0319/022142.832:ERROR:process_memory_win.cc(73)] ReadMemory at 0x1713737cad0 of 154 bytes failed: Запрос ReadProcessMemory или WriteProcessMemory был выполнен только частично. (0x12B)
[0319/022142.832:ERROR:process_memory_win.cc(73)] ReadMemory at 0x1713737cb80 of 132 bytes failed: Запрос ReadProcessMemory или WriteProcessMemory был выполнен только частично. (0x12B)
[0319/022142.832:ERROR:process_memory_win.cc(73)] ReadMemory at 0x17137380700 of 60 bytes failed: Запрос ReadProcessMemory или WriteProcessMemory был выполнен только частично. (0x12B)
[0319/022142.832:ERROR:process_memory_win.cc(73)] ReadMemory at 0x17137380900 of 62 bytes failed: Запрос ReadProcessMemory или WriteProcessMemory был выполнен только частично. (0x12B)
[0319/022142.832:ERROR:process_memory_win.cc(73)] ReadMemory at 0x171373809f0 of 64 bytes failed: Запрос ReadProcessMemory или WriteProcessMemory был выполнен только частично. (0x12B)
[0319/022142.832:ERROR:process_memory_win.cc(73)] ReadMemory at 0x17137380cc0 of 60 bytes failed: Запрос ReadProcessMemory или WriteProcessMemory был выполнен только частично. (0x12B)
[0319/022142.832:ERROR:process_memory_win.cc(73)] ReadMemory at 0x17137380d10 of 64 bytes failed: Запрос ReadProcessMemory или WriteProcessMemory был выполнен только частично. (0x12B)
[0319/022142.832:ERROR:process_memory_win.cc(73)] ReadMemory at 0x17137380f40 of 60 bytes failed: Запрос ReadProcessMemory или WriteProcessMemory был выполнен только частично. (0x12B)
[0319/022142.832:ERROR:process_memory_win.cc(73)] ReadMemory at 0x17137382450 of 80 bytes failed: Запрос ReadProcessMemory или WriteProcessMemory был выполнен только частично. (0x12B)
[0319/022142.832:ERROR:process_memory_win.cc(73)] ReadMemory at 0x17137382760 of 132 bytes failed: Запрос ReadProcessMemory или WriteProcessMemory был выполнен только частично. (0x12B)
[0319/022142.832:ERROR:process_memory_win.cc(73)] ReadMemory at 0x17137382980 of 132 bytes failed: Запрос ReadProcessMemory или WriteProcessMemory был выполнен только частично. (0x12B)
[0319/022142.832:ERROR:process_memory_win.cc(73)] ReadMemory at 0x17137382ce0 of 132 bytes failed: Запрос ReadProcessMemory или WriteProcessMemory был выполнен только частично. (0x12B)
[0319/022142.832:ERROR:process_memory_win.cc(73)] ReadMemory at 0x171373832a0 of 132 bytes failed: Запрос ReadProcessMemory или WriteProcessMemory был выполнен только частично. (0x12B)
[0319/022142.833:ERROR:process_memory_win.cc(73)] ReadMemory at 0x17137383ca0 of 62 bytes failed: Запрос ReadProcessMemory или WriteProcessMemory был выполнен только частично. (0x12B)
[0319/022142.833:ERROR:process_memory_win.cc(73)] ReadMemory at 0x17137383d40 of 58 bytes failed: Запрос ReadProcessMemory или WriteProcessMemory был выполнен только частично. (0x12B)
[0319/022142.833:ERROR:process_memory_win.cc(73)] ReadMemory at 0x17137383d90 of 62 bytes failed: Запрос ReadProcessMemory или WriteProcessMemory был выполнен только частично. (0x12B)
[0319/022142.833:ERROR:process_memory_win.cc(73)] ReadMemory at 0x17137383e30 of 64 bytes failed: Запрос ReadProcessMemory или WriteProcessMemory был выполнен только частично. (0x12B)
[0319/022142.833:ERROR:process_memory_win.cc(73)] ReadMemory at 0x17137384010 of 62 bytes failed: Запрос ReadProcessMemory или WriteProcessMemory был выполнен только частично. (0x12B)
[0319/022142.833:ERROR:process_memory_win.cc(73)] ReadMemory at 0x17137384100 of 64 bytes failed: Запрос ReadProcessMemory или WriteProcessMemory был выполнен только частично. (0x12B)
[0319/022142.833:ERROR:process_memory_win.cc(73)] ReadMemory at 0x171373841a0 of 64 bytes failed: Запрос ReadProcessMemory или WriteProcessMemory был выполнен только частично. (0x12B)
[0319/022142.833:ERROR:process_memory_win.cc(73)] ReadMemory at 0x171373841f0 of 60 bytes failed: Запрос ReadProcessMemory или WriteProcessMemory был выполнен только частично. (0x12B)
[0319/022142.833:ERROR:process_memory_win.cc(73)] ReadMemory at 0x17137384240 of 64 bytes failed: Запрос ReadProcessMemory или WriteProcessMemory был выполнен только частично. (0x12B)
[0319/022142.833:ERROR:process_memory_win.cc(73)] ReadMemory at 0x17137384290 of 60 bytes failed: Запрос ReadProcessMemory или WriteProcessMemory был выполнен только частично. (0x12B)
[0319/022142.833:ERROR:process_memory_win.cc(73)] ReadMemory at 0x17137384380 of 66 bytes failed: Запрос ReadProcessMemory или WriteProcessMemory был выполнен только частично. (0x12B)
[0319/022142.833:ERROR:process_memory_win.cc(73)] ReadMemory at 0x171373843d0 of 64 bytes failed: Запрос ReadProcessMemory или WriteProcessMemory был выполнен только частично. (0x12B)
[0319/022142.833:ERROR:process_memory_win.cc(73)] ReadMemory at 0x17137384420 of 66 bytes failed: Запрос ReadProcessMemory или WriteProcessMemory был выполнен только частично. (0x12B)
[0319/022142.833:ERROR:process_memory_win.cc(73)] ReadMemory at 0x171373844c0 of 62 bytes failed: Запрос ReadProcessMemory или WriteProcessMemory был выполнен только частично. (0x12B)
[0319/022142.833:ERROR:process_memory_win.cc(73)] ReadMemory at 0x17137384510 of 64 bytes failed: Запрос ReadProcessMemory или WriteProcessMemory был выполнен только частично. (0x12B)
[0319/022142.834:ERROR:process_memory_win.cc(73)] ReadMemory at 0x171373845b0 of 60 bytes failed: Запрос ReadProcessMemory или WriteProcessMemory был выполнен только частично. (0x12B)
[0319/022142.834:ERROR:process_memory_win.cc(73)] ReadMemory at 0x17137384650 of 60 bytes failed: Запрос ReadProcessMemory или WriteProcessMemory был выполнен только частично. (0x12B)
[0319/022142.834:ERROR:process_memory_win.cc(73)] ReadMemory at 0x171373847e0 of 62 bytes failed: Запрос ReadProcessMemory или WriteProcessMemory был выполнен только частично. (0x12B)
[0319/022142.834:ERROR:process_memory_win.cc(73)] ReadMemory at 0x17137384880 of 62 bytes failed: Запрос ReadProcessMemory или WriteProcessMemory был выполнен только частично. (0x12B)
[0319/022142.834:ERROR:process_memory_win.cc(73)] ReadMemory at 0x171373848d0 of 62 bytes failed: Запрос ReadProcessMemory или WriteProcessMemory был выполнен только частично. (0x12B)
[0319/022142.834:ERROR:process_memory_win.cc(73)] ReadMemory at 0x17137384920 of 62 bytes failed: Запрос ReadProcessMemory или WriteProcessMemory был выполнен только частично. (0x12B)
[0319/022142.834:ERROR:process_memory_win.cc(73)] ReadMemory at 0x17137384ab0 of 62 bytes failed: Запрос ReadProcessMemory или WriteProcessMemory был выполнен только частично. (0x12B)
[0319/022142.834:ERROR:process_memory_win.cc(73)] ReadMemory at 0x17137384cb0 of 132 bytes failed: Запрос ReadProcessMemory или WriteProcessMemory был выполнен только частично. (0x12B)
[0319/022142.834:ERROR:process_memory_win.cc(73)] ReadMemory at 0x17137384f10 of 132 bytes failed: Запрос ReadProcessMemory или WriteProcessMemory был выполнен только частично. (0x12B)
[0319/022142.834:ERROR:process_memory_win.cc(73)] ReadMemory at 0x17137385040 of 132 bytes failed: Запрос ReadProcessMemory или WriteProcessMemory был выполнен только частично. (0x12B)
[0319/022142.834:ERROR:process_memory_win.cc(73)] ReadMemory at 0x17137385170 of 132 bytes failed: Запрос ReadProcessMemory или WriteProcessMemory был выполнен только частично. (0x12B)
[0319/022142.835:ERROR:process_memory_win.cc(73)] ReadMemory at 0x171373852a0 of 132 bytes failed: Запрос ReadProcessMemory или WriteProcessMemory был выполнен только частично. (0x12B)
[0319/022142.835:ERROR:process_memory_win.cc(73)] ReadMemory at 0x171373853d0 of 132 bytes failed: Запрос ReadProcessMemory или WriteProcessMemory был выполнен только частично. (0x12B)
[0319/022142.835:ERROR:process_memory_win.cc(73)] ReadMemory at 0x17137385500 of 132 bytes failed: Запрос ReadProcessMemory или WriteProcessMemory был выполнен только частично. (0x12B)
[0319/022142.835:ERROR:process_memory_win.cc(73)] ReadMemory at 0x17137385630 of 132 bytes failed: Запрос ReadProcessMemory или WriteProcessMemory был выполнен только частично. (0x12B)
[0319/022142.835:ERROR:process_memory_win.cc(73)] ReadMemory at 0x17137385760 of 132 bytes failed: Запрос ReadProcessMemory или WriteProcessMemory был выполнен только частично. (0x12B)
[0319/022142.835:ERROR:process_memory_win.cc(73)] ReadMemory at 0x17137385890 of 132 bytes failed: Запрос ReadProcessMemory или WriteProcessMemory был выполнен только частично. (0x12B)
[0319/022142.835:ERROR:process_memory_win.cc(73)] ReadMemory at 0x171373859c0 of 132 bytes failed: Запрос ReadProcessMemory или WriteProcessMemory был выполнен только частично. (0x12B)
[0319/022142.835:ERROR:process_memory_win.cc(73)] ReadMemory at 0x17137385af0 of 132 bytes failed: Запрос ReadProcessMemory или WriteProcessMemory был выполнен только частично. (0x12B)
[0319/022142.835:ERROR:process_memory_win.cc(73)] ReadMemory at 0x17137386c60 of 132 bytes failed: Запрос ReadProcessMemory или WriteProcessMemory был выполнен только частично. (0x12B)
[0319/022142.835:ERROR:process_memory_win.cc(73)] ReadMemory at 0x171373872e0 of 132 bytes failed: Запрос ReadProcessMemory или WriteProcessMemory был выполнен только частично. (0x12B)
[0319/022142.835:ERROR:process_memory_win.cc(73)] ReadMemory at 0x17137389620 of 54 bytes failed: Запрос ReadProcessMemory или WriteProcessMemory был выполнен только частично. (0x12B)
[0319/022142.835:ERROR:process_memory_win.cc(73)] ReadMemory at 0x17137389d60 of 132 bytes failed: Запрос ReadProcessMemory или WriteProcessMemory был выполнен только частично. (0x12B)
[0319/022142.836:ERROR:process_memory_win.cc(73)] ReadMemory at 0x1713738bf20 of 146 bytes failed: Запрос ReadProcessMemory или WriteProcessMemory был выполнен только частично. (0x12B)
[0319/022142.836:ERROR:process_memory_win.cc(73)] ReadMemory at 0x1713738c4a0 of 76 bytes failed: Запрос ReadProcessMemory или WriteProcessMemory был выполнен только частично. (0x12B)
[0319/022142.836:ERROR:process_memory_win.cc(73)] ReadMemory at 0x1713738cb60 of 80 bytes failed: Запрос ReadProcessMemory или WriteProcessMemory был выполнен только частично. (0x12B)
[0319/022142.836:ERROR:process_memory_win.cc(73)] ReadMemory at 0x1713738d160 of 132 bytes failed: Запрос ReadProcessMemory или WriteProcessMemory был выполнен только частично. (0x12B)
[0319/022142.836:ERROR:process_memory_win.cc(73)] ReadMemory at 0x1713738d750 of 132 bytes failed: Запрос ReadProcessMemory или WriteProcessMemory был выполнен только частично. (0x12B)
[0319/022142.836:ERROR:process_memory_win.cc(73)] ReadMemory at 0x1713738d880 of 132 bytes failed: Запрос ReadProcessMemory или WriteProcessMemory был выполнен только частично. (0x12B)
[0319/022142.836:ERROR:process_memory_win.cc(73)] ReadMemory at 0x1713738dae0 of 132 bytes failed: Запрос ReadProcessMemory или WriteProcessMemory был выполнен только частично. (0x12B)
[0319/022142.836:ERROR:process_memory_win.cc(73)] ReadMemory at 0x1713738dc10 of 132 bytes failed: Запрос ReadProcessMemory или WriteProcessMemory был выполнен только частично. (0x12B)
[0319/022142.836:ERROR:process_memory_win.cc(73)] ReadMemory at 0x1713738e0d0 of 132 bytes failed: Запрос ReadProcessMemory или WriteProcessMemory был выполнен только частично. (0x12B)
[0319/022142.836:ERROR:process_memory_win.cc(73)] ReadMemory at 0x1713738e460 of 132 bytes failed: Запрос ReadProcessMemory или WriteProcessMemory был выполнен только частично. (0x12B)
[0319/022142.836:ERROR:process_memory_win.cc(73)] ReadMemory at 0x1713738e6c0 of 132 bytes failed: Запрос ReadProcessMemory или WriteProcessMemory был выполнен только частично. (0x12B)
[0319/022142.836:ERROR:process_memory_win.cc(73)] ReadMemory at 0x1713738e7f0 of 132 bytes failed: Запрос ReadProcessMemory или WriteProcessMemory был выполнен только частично. (0x12B)
[0319/022142.836:ERROR:process_memory_win.cc(73)] ReadMemory at 0x1713738e920 of 132 bytes failed: Запрос ReadProcessMemory или WriteProcessMemory был выполнен только частично. (0x12B)
[0319/022142.837:ERROR:process_memory_win.cc(73)] ReadMemory at 0x1713738ea50 of 132 bytes failed: Запрос ReadProcessMemory или WriteProcessMemory был выполнен только частично. (0x12B)
[0319/022142.837:ERROR:process_memory_win.cc(73)] ReadMemory at 0x17137391650 of 512 bytes failed: Запрос ReadProcessMemory или WriteProcessMemory был выполнен только частично. (0x12B)
[0319/022142.837:ERROR:process_memory_win.cc(73)] ReadMemory at 0x171373a7140 of 512 bytes failed: Запрос ReadProcessMemory или WriteProcessMemory был выполнен только частично. (0x12B)
[0319/022142.837:ERROR:process_memory_win.cc(73)] ReadMemory at 0x171373ba160 of 512 bytes failed: Запрос ReadProcessMemory или WriteProcessMemory был выполнен только частично. (0x12B)
[0319/022142.837:ERROR:process_memory_win.cc(73)] ReadMemory at 0x171373ba4e0 of 512 bytes failed: Запрос ReadProcessMemory или WriteProcessMemory был выполнен только частично. (0x12B)
[0319/022142.837:ERROR:process_memory_win.cc(73)] ReadMemory at 0x17137550dc0 of 512 bytes failed: Запрос ReadProcessMemory или WriteProcessMemory был выполнен только частично. (0x12B)
[0319/022142.837:ERROR:process_memory_win.cc(73)] ReadMemory at 0x17137b82d30 of 512 bytes failed: Запрос ReadProcessMemory или WriteProcessMemory был выполнен только частично. (0x12B)
[0319/022142.837:ERROR:process_memory_win.cc(73)] ReadMemory at 0x17137b84480 of 512 bytes failed: Запрос ReadProcessMemory или WriteProcessMemory был выполнен только частично. (0x12B)
[0319/022142.837:ERROR:process_memory_win.cc(73)] ReadMemory at 0x17137b88dc0 of 512 bytes failed: Запрос ReadProcessMemory или WriteProcessMemory был выполнен только частично. (0x12B)
[0319/022142.837:ERROR:process_memory_win.cc(73)] ReadMemory at 0x17137b8da50 of 712 bytes failed: Запрос ReadProcessMemory или WriteProcessMemory был выполнен только частично. (0x12B)
[0319/022142.837:ERROR:process_memory_win.cc(73)] ReadMemory at 0x17137b903f8 of 512 bytes failed: Запрос ReadProcessMemory или WriteProcessMemory был выполнен только частично. (0x12B)
[0319/022142.837:ERROR:process_memory_win.cc(73)] ReadMemory at 0x17137b90998 of 512 bytes failed: Запрос ReadProcessMemory или WriteProcessMemory был выполнен только частично. (0x12B)
[0319/022142.838:ERROR:process_memory_win.cc(73)] ReadMemory at 0x17137b90e18 of 512 bytes failed: Запрос ReadProcessMemory или WriteProcessMemory был выполнен только частично. (0x12B)
[0319/022142.838:ERROR:process_memory_win.cc(73)] ReadMemory at 0x171399e0000 of 384 bytes failed: Запрос ReadProcessMemory или WriteProcessMemory был выполнен только частично. (0x12B)
[0319/022142.838:ERROR:process_memory_win.cc(73)] ReadMemory at 0x17139a1c600 of 512 bytes failed: Запрос ReadProcessMemory или WriteProcessMemory был выполнен только частично. (0x12B)
[0319/022142.838:ERROR:process_memory_win.cc(73)] ReadMemory at 0x17139a1f503 of 512 bytes failed: Запрос ReadProcessMemory или WriteProcessMemory был выполнен только частично. (0x12B)
[0319/022142.838:ERROR:process_memory_win.cc(73)] ReadMemory at 0x17139fb7a28 of 512 bytes failed: Запрос ReadProcessMemory или WriteProcessMemory был выполнен только частично. (0x12B)
[0319/022142.838:ERROR:process_memory_win.cc(73)] ReadMemory at 0x1713a3978a0 of 512 bytes failed: Запрос ReadProcessMemory или WriteProcessMemory был выполнен только частично. (0x12B)
[0319/022142.838:ERROR:process_memory_win.cc(73)] ReadMemory at 0x142b432d0380 of 512 bytes failed: Запрос ReadProcessMemory или WriteProcessMemory был выполнен только частично. (0x12B)
[0319/022142.838:ERROR:process_memory_win.cc(73)] ReadMemory at 0x142b432ebdd0 of 512 bytes failed: Запрос ReadProcessMemory или WriteProcessMemory был выполнен только частично. (0x12B)
[0319/022142.838:ERROR:process_memory_win.cc(73)] ReadMemory at 0x142b432f35e0 of 512 bytes failed: Запрос ReadProcessMemory или WriteProcessMemory был выполнен только частично. (0x12B)
[0319/022142.838:ERROR:process_memory_win.cc(73)] ReadMemory at 0x4a1046eb07f0 of 592 bytes failed: Запрос ReadProcessMemory или WriteProcessMemory был выполнен только частично. (0x12B)
[0319/022142.838:ERROR:process_memory_win.cc(73)] ReadMemory at 0x7ffec0c0054c of 512 bytes failed: Запрос ReadProcessMemory или WriteProcessMemory был выполнен только частично. (0x12B)
[0319/022142.840:ERROR:scoped_process_suspend.cc(40)] NtResumeProcess: Попытка доступа к процессу, выполняющему процедуру завершения. (0xc000010a)
